<?xml version="1.0" encoding="UTF-8"?>
<testng-results ignored="0" total="1" passed="1" failed="0" skipped="0">
  <reporter-output>
  </reporter-output>
  <suite started-at="2020-10-14T21:02:55 EET" name="Default suite" finished-at="2020-10-14T21:02:59 EET" duration-ms="4109">
    <groups>
    </groups>
    <test started-at="2020-10-14T21:02:55 EET" name="Default test" finished-at="2020-10-14T21:02:59 EET" duration-ms="4109">
      <class name="testngpackagetwo.TestNGClass">
        <test-method is-config="true" signature="launchBrowser()[pri:0, instance:testngpackagetwo.TestNGClass@5db4c359]" started-at="2020-10-14T21:02:55 EET" name="launchBrowser" finished-at="2020-10-14T21:02:59 EET" duration-ms="3446" status="PASS">
          <reporter-output>
          </reporter-output>
        </test-method> <!-- launchBrowser -->
        <test-method signature="urlTest()[pri:0, instance:testngpackagetwo.TestNGClass@5db4c359]" started-at="2020-10-14T21:02:59 EET" name="urlTest" finished-at="2020-10-14T21:02:59 EET" duration-ms="58" status="PASS">
          <reporter-output>
          </reporter-output>
        </test-method> <!-- urlTest -->
        <test-method is-config="true" signature="terminateBrowser()[pri:0, instance:testngpackagetwo.TestNGClass@5db4c359]" started-at="2020-10-14T21:02:59 EET" name="terminateBrowser" finished-at="2020-10-14T21:02:59 EET" duration-ms="555" status="PASS">
          <reporter-output>
          </reporter-output>
        </test-method> <!-- terminateBrowser -->
      </class> <!-- testngpackagetwo.TestNGClass -->
    </test> <!-- Default test -->
  </suite> <!-- Default suite -->
</testng-results>
